<?xml version="1.0" encoding="UTF-8"?>
<testsuite xmlns:xsi="http://www.w3.org/2001/XMLSchema-instance" xsi:noNamespaceSchemaLocation="https://maven.apache.org/surefire/maven-surefire-plugin/xsd/surefire-test-report-3.0.xsd" version="3.0" name="com.trainreservation.TrainReservationApplicationTests" time="4.924" tests="1" errors="0" skipped="0" failures="0">
  <properties>
[...]
</properties>
  <testcase name="contextLoads" classname="com.trainreservation.TrainReservationApplicationTests" time="0.003">
    <system-out><![CDATA[2026-02-11T01:06:47.191+05:30  INFO 16312 --- [train-reservation-system] [           main] t.c.s.AnnotationConfigContextLoaderUtils : Could not detect default configuration classes for test class [com.trainreservation.TrainReservationApplicationTests]: TrainReservationApplicationTests does not declare any static, non-private, non-final, nested classes annotated with @Configuration.
2026-02-11T01:06:47.201+05:30  INFO 16312 --- [train-reservation-system] [           main] .b.t.c.SpringBootTestContextBootstrapper : Found @SpringBootConfiguration com.trainreservation.TrainReservationApplication for test class com.trainreservation.TrainReservationApplicationTests
2026-02-11T01:06:47.211+05:30  INFO 16312 --- [train-reservation-system] [           main] o.s.b.d.r.RestartApplicationListener     : Restart disabled due to context in which it is running

  .   ____          _            __ _ _
 /\\ / ___'_ __ _ _(_)_ __  __ _ \ \ \ \
( ( )\___ | '_ | '_| | '_ \/ _` | \ \ \ \
 \\/  ___)| |_)| | | | | || (_| |  ) ) ) )
  '  |____| .__|_| |_|_| |_\__, | / / / /
 =========|_|==============|___/=/_/_/_/
 :: Spring Boot ::                (v3.2.2)

2026-02-11T01:06:47.247+05:30  INFO 16312 --- [train-reservation-system] [           main] c.t.TrainReservationApplicationTests     : Starting TrainReservationApplicationTests using Java 17.0.17 with PID 16312 (started by parth in C:\Users\parth\Train Ticket Reservation System\train-reservation-system\backend)
2026-02-11T01:06:47.247+05:30 DEBUG 16312 --- [train-reservation-system] [           main] c.t.TrainReservationApplicationTests     : Running with Spring Boot v3.2.2, Spring v6.1.3
2026-02-11T01:06:47.247+05:30  INFO 16312 --- [train-reservation-system] [           main] c.t.TrainReservationApplicationTests     : No active profile set, falling back to 1 default profile: "default"
2026-02-11T01:06:47.707+05:30  INFO 16312 --- [train-reservation-system] [           main] .s.d.r.c.RepositoryConfigurationDelegate : Bootstrapping Spring Data JPA repositories in DEFAULT mode.
2026-02-11T01:06:47.780+05:30  INFO 16312 --- [train-reservation-system] [           main] .s.d.r.c.RepositoryConfigurationDelegate : Finished Spring Data repository scanning in 63 ms. Found 3 JPA repository interfaces.
2026-02-11T01:06:48.176+05:30  INFO 16312 --- [train-reservation-system] [           main] o.hibernate.jpa.internal.util.LogHelper  : HHH000204: Processing PersistenceUnitInfo [name: default]
2026-02-11T01:06:48.277+05:30  INFO 16312 --- [train-reservation-system] [           main] org.hibernate.Version                    : HHH000412: Hibernate ORM core version 6.4.1.Final
2026-02-11T01:06:48.336+05:30  INFO 16312 --- [train-reservation-system] [           main] o.h.c.internal.RegionFactoryInitiator    : HHH000026: Second-level cache disabled
2026-02-11T01:06:48.491+05:30  INFO 16312 --- [train-reservation-system] [           main] o.s.o.j.p.SpringPersistenceUnitInfo      : No LoadTimeWeaver setup: ignoring JPA class transformer
2026-02-11T01:06:48.528+05:30  INFO 16312 --- [train-reservation-system] [           main] com.zaxxer.hikari.HikariDataSource       : HikariPool-1 - Starting...
2026-02-11T01:06:48.770+05:30  INFO 16312 --- [train-reservation-system] [           main] com.zaxxer.hikari.pool.HikariPool        : HikariPool-1 - Added connection conn0: url=jdbc:h2:mem:traindb user=SA
2026-02-11T01:06:48.772+05:30  INFO 16312 --- [train-reservation-system] [           main] com.zaxxer.hikari.HikariDataSource       : HikariPool-1 - Start completed.
2026-02-11T01:06:48.799+05:30  WARN 16312 --- [train-reservation-system] [           main] org.hibernate.orm.deprecation            : HHH90000025: H2Dialect does not need to be specified explicitly using 'hibernate.dialect' (remove the property setting and it will be selected by default)
2026-02-11T01:06:50.038+05:30  INFO 16312 --- [train-reservation-system] [           main] o.h.e.t.j.p.i.JtaPlatformInitiator       : HHH000489: No JTA platform available (set 'hibernate.transaction.jta.platform' to enable JTA platform integration)
2026-02-11T01:06:50.056+05:30 DEBUG 16312 --- [train-reservation-system] [           main] org.hibernate.SQL                        : 
    drop table if exists bookings cascade 
Hibernate: 
    drop table if exists bookings cascade 
2026-02-11T01:06:50.059+05:30 DEBUG 16312 --- [train-reservation-system] [           main] org.hibernate.SQL                        : 
    drop table if exists passengers cascade 
Hibernate: 
    drop table if exists passengers cascade 
2026-02-11T01:06:50.059+05:30 DEBUG 16312 --- [train-reservation-system] [           main] org.hibernate.SQL                        : 
    drop table if exists trains cascade 
Hibernate: 
    drop table if exists trains cascade 
2026-02-11T01:06:50.061+05:30 DEBUG 16312 --- [train-reservation-system] [           main] org.hibernate.SQL                        : 
    drop table if exists users cascade 
Hibernate: 
    drop table if exists users cascade 
2026-02-11T01:06:50.067+05:30 DEBUG 16312 --- [train-reservation-system] [           main] org.hibernate.SQL                        : 
    create table bookings (
        number_of_seats integer not null,
        total_fare float(53) not null,
        cancelled_at timestamp(6),
        created_at timestamp(6) not null,
        id bigint generated by default as identity,
        train_id bigint not null,
        updated_at timestamp(6) not null,
        user_id bigint not null,
        booking_reference varchar(50) not null unique,
        payment_method varchar(100),
        transaction_id varchar(100),
        payment_status varchar(255) not null check (payment_status in ('PENDING','PROCESSING','COMPLETED','FAILED','REFUNDED')),
        status varchar(255) not null check (status in ('PENDING','CONFIRMED','CANCELLED','COMPLETED')),
        primary key (id)
    )
Hibernate: 
    create table bookings (
        number_of_seats integer not null,
        total_fare float(53) not null,
        cancelled_at timestamp(6),
        created_at timestamp(6) not null,
        id bigint generated by default as identity,
        train_id bigint not null,
        updated_at timestamp(6) not null,
        user_id bigint not null,
        booking_reference varchar(50) not null unique,
        payment_method varchar(100),
        transaction_id varchar(100),
        payment_status varchar(255) not null check (payment_status in ('PENDING','PROCESSING','COMPLETED','FAILED','REFUNDED')),
        status varchar(255) not null check (status in ('PENDING','CONFIRMED','CANCELLED','COMPLETED')),
        primary key (id)
    )
2026-02-11T01:06:50.095+05:30 DEBUG 16312 --- [train-reservation-system] [           main] org.hibernate.SQL                        : 
    create table passengers (
        age integer not null,
        booking_id bigint not null,
        id bigint generated by default as identity,
        id_proof_type varchar(20),
        id_proof_number varchar(50),
        seat_number varchar(50),
        first_name varchar(100) not null,
        last_name varchar(100) not null,
        gender varchar(255) not null check (gender in ('MALE','FEMALE','OTHER')),
        primary key (id)
    )
Hibernate: 
    create table passengers (
        age integer not null,
        booking_id bigint not null,
        id bigint generated by default as identity,
        id_proof_type varchar(20),
        id_proof_number varchar(50),
        seat_number varchar(50),
        first_name varchar(100) not null,
        last_name varchar(100) not null,
        gender varchar(255) not null check (gender in ('MALE','FEMALE','OTHER')),
        primary key (id)
    )
2026-02-11T01:06:50.097+05:30 DEBUG 16312 --- [train-reservation-system] [           main] org.hibernate.SQL                        : 
    create table trains (
        available_seats integer not null,
        fare_per_seat float(53) not null,
        total_seats integer not null,
        arrival_time timestamp(6) not null,
        created_at timestamp(6) not null,
        departure_time timestamp(6) not null,
        id bigint generated by default as identity,
        updated_at timestamp(6) not null,
        train_number varchar(20) not null unique,
        destination varchar(100) not null,
        source varchar(100) not null,
        train_name varchar(200) not null,
        status varchar(255) not null check (status in ('SCHEDULED','RUNNING','DELAYED','CANCELLED','COMPLETED')),
        train_class varchar(255) not null check (train_class in ('SLEEPER','AC_3_TIER','AC_2_TIER','AC_1_TIER','FIRST_CLASS')),
        primary key (id)
    )
Hibernate: 
    create table trains (
        available_seats integer not null,
        fare_per_seat float(53) not null,
        total_seats integer not null,
        arrival_time timestamp(6) not null,
        created_at timestamp(6) not null,
        departure_time timestamp(6) not null,
        id bigint generated by default as identity,
        updated_at timestamp(6) not null,
        train_number varchar(20) not null unique,
        destination varchar(100) not null,
        source varchar(100) not null,
        train_name varchar(200) not null,
        status varchar(255) not null check (status in ('SCHEDULED','RUNNING','DELAYED','CANCELLED','COMPLETED')),
        train_class varchar(255) not null check (train_class in ('SLEEPER','AC_3_TIER','AC_2_TIER','AC_1_TIER','FIRST_CLASS')),
        primary key (id)
    )
2026-02-11T01:06:50.098+05:30 DEBUG 16312 --- [train-reservation-system] [           main] org.hibernate.SQL                        : 
    create table users (
        enabled boolean not null,
        created_at timestamp(6) not null,
        id bigint generated by default as identity,
        updated_at timestamp(6) not null,
        phone_number varchar(15),
        email varchar(100) not null unique,
        first_name varchar(100) not null,
        last_name varchar(100) not null,
        address varchar(200),
        password varchar(255) not null,
        role varchar(255) not null check (role in ('PASSENGER','ADMIN')),
        primary key (id)
    )
Hibernate: 
    create table users (
        enabled boolean not null,
        created_at timestamp(6) not null,
        id bigint generated by default as identity,
        updated_at timestamp(6) not null,
        phone_number varchar(15),
        email varchar(100) not null unique,
        first_name varchar(100) not null,
        last_name varchar(100) not null,
        address varchar(200),
        password varchar(255) not null,
        role varchar(255) not null check (role in ('PASSENGER','ADMIN')),
        primary key (id)
    )
2026-02-11T01:06:50.100+05:30 DEBUG 16312 --- [train-reservation-system] [           main] org.hibernate.SQL                        : 
    alter table if exists bookings 
       add constraint FKnvav969din6sdwdejvq0g5a7s 
       foreign key (train_id) 
       references trains
Hibernate: 
    alter table if exists bookings 
       add constraint FKnvav969din6sdwdejvq0g5a7s 
       foreign key (train_id) 
       references trains
2026-02-11T01:06:50.112+05:30 DEBUG 16312 --- [train-reservation-system] [           main] org.hibernate.SQL                        : 
    alter table if exists bookings 
       add constraint FKeyog2oic85xg7hsu2je2lx3s6 
       foreign key (user_id) 
       references users
Hibernate: 
    alter table if exists bookings 
       add constraint FKeyog2oic85xg7hsu2je2lx3s6 
       foreign key (user_id) 
       references users
2026-02-11T01:06:50.114+05:30 DEBUG 16312 --- [train-reservation-system] [           main] org.hibernate.SQL                        : 
    alter table if exists passengers 
       add constraint FKgc7vcfrut3vamougerwse2m2u 
       foreign key (booking_id) 
       references bookings
Hibernate: 
    alter table if exists passengers 
       add constraint FKgc7vcfrut3vamougerwse2m2u 
       foreign key (booking_id) 
       references bookings
2026-02-11T01:06:50.120+05:30  INFO 16312 --- [train-reservation-system] [           main] j.LocalContainerEntityManagerFactoryBean : Initialized JPA EntityManagerFactory for persistence unit 'default'
2026-02-11T01:06:50.766+05:30  INFO 16312 --- [train-reservation-system] [           main] o.s.d.j.r.query.QueryEnhancerFactory     : Hibernate is in classpath; If applicable, HQL parser will be used.
2026-02-11T01:06:51.670+05:30  WARN 16312 --- [train-reservation-system] [           main] JpaBaseConfiguration$JpaWebConfiguration : spring.jpa.open-in-view is enabled by default. Therefore, database queries may be performed during view rendering. Explicitly configure spring.jpa.open-in-view to disable this warning
2026-02-11T01:06:51.798+05:30  INFO 16312 --- [train-reservation-system] [           main] o.s.s.web.DefaultSecurityFilterChain     : Will secure any request with [org.springframework.security.web.session.DisableEncodeUrlFilter@7efceb57, org.springframework.security.web.context.request.async.WebAsyncManagerIntegrationFilter@677f0c19, org.springframework.security.web.context.SecurityContextHolderFilter@5ef79613, org.springframework.security.web.header.HeaderWriterFilter@2ae7ee25, org.springframework.web.filter.CorsFilter@129294c3, org.springframework.security.web.authentication.logout.LogoutFilter@764dfaf3, com.trainreservation.security.JwtAuthenticationFilter@63c57bde, org.springframework.security.web.savedrequest.RequestCacheAwareFilter@4bf4cd2e, org.springframework.security.web.servletapi.SecurityContextHolderAwareRequestFilter@2ee3549e, org.springframework.security.web.authentication.AnonymousAuthenticationFilter@4ca5eb61, org.springframework.security.web.session.SessionManagementFilter@6cbac170, org.springframework.security.web.access.ExceptionTranslationFilter@3f11add1, org.springframework.security.web.access.intercept.AuthorizationFilter@2fce34e4]
2026-02-11T01:06:52.002+05:30  INFO 16312 --- [train-reservation-system] [           main] o.s.b.a.h2.H2ConsoleAutoConfiguration    : H2 console available at '/h2-console'. Database available at 'jdbc:h2:mem:traindb'
2026-02-11T01:06:52.107+05:30  INFO 16312 --- [train-reservation-system] [           main] c.t.TrainReservationApplicationTests     : Started TrainReservationApplicationTests in 4.896 seconds (process running for 12.162)
]]></system-out>
  </testcase>
</testsuite>